{"level":"info","message":{"ip":"::1","method":"GET","token":"No token","url":"/api/project/all?page=1&limit=8&search=&categories=&funding="},"timestamp":"2025-01-31T06:08:08.696Z"}
{"level":"info","message":{"ip":"::1","method":"GET","token":"No token","url":"/api/project/all?page=1&limit=8&search=&categories=&funding="},"timestamp":"2025-01-31T06:08:08.765Z"}
{"level":"info","message":{"ip":"::1","method":"GET","token":"eyJhbGciOiJIUzI1NiIsInR5cCI6IkpXVCJ9.eyJpZCI6IjY3OWE0YzdlY2RmYjAwNzA4ZmI3YjgyOCIsImlhdCI6MTczODMwMTc3OCwiZXhwIjoxNzM4Mzg4MTc4fQ.YCQ7N4bsuNsKKqimf2uYWiABxExW63XIY3Cry0Ha53s","url":"/api/project/my/projects"},"timestamp":"2025-01-31T06:08:21.162Z"}
{"level":"info","message":{"ip":"::1","method":"GET","token":"eyJhbGciOiJIUzI1NiIsInR5cCI6IkpXVCJ9.eyJpZCI6IjY3OWE0YzdlY2RmYjAwNzA4ZmI3YjgyOCIsImlhdCI6MTczODMwMTc3OCwiZXhwIjoxNzM4Mzg4MTc4fQ.YCQ7N4bsuNsKKqimf2uYWiABxExW63XIY3Cry0Ha53s","url":"/api/project/my/projects"},"timestamp":"2025-01-31T06:08:21.181Z"}
{"level":"info","message":{"ip":"::1","method":"GET","originSource":"https://localhost:5173","token":"eyJhbGciOiJIUzI1NiIsInR5cCI6IkpXVCJ9.eyJpZCI6IjY3OWE0YzdlY2RmYjAwNzA4ZmI3YjgyOCIsImlhdCI6MTczODMwMTc3OCwiZXhwIjoxNzM4Mzg4MTc4fQ.YCQ7N4bsuNsKKqimf2uYWiABxExW63XIY3Cry0Ha53s","url":"/api/project/my/projects"},"timestamp":"2025-01-31T06:36:59.634Z"}
{"level":"info","message":{"ip":"::1","method":"GET","originSource":"https://localhost:5173","token":"eyJhbGciOiJIUzI1NiIsInR5cCI6IkpXVCJ9.eyJpZCI6IjY3OWE0YzdlY2RmYjAwNzA4ZmI3YjgyOCIsImlhdCI6MTczODMwMTc3OCwiZXhwIjoxNzM4Mzg4MTc4fQ.YCQ7N4bsuNsKKqimf2uYWiABxExW63XIY3Cry0Ha53s","url":"/api/project/my/projects"},"timestamp":"2025-01-31T06:36:59.657Z"}
{"level":"info","message":{"ip":"::1","method":"GET","originSource":"https://localhost:5173","token":"No token","url":"/api/project/all?page=1&limit=8&search=&categories=&funding="},"timestamp":"2025-01-31T06:37:00.952Z"}
{"level":"info","message":{"ip":"::1","method":"GET","originSource":"https://localhost:5173","token":"No token","url":"/api/project/all?page=1&limit=8&search=&categories=&funding="},"timestamp":"2025-01-31T06:37:00.972Z"}
{"level":"info","message":{"ip":"::1","method":"GET","url":"/api/project/all?page=1&limit=8&search=&categories=&funding=","username":"Anonymous"},"timestamp":"2025-01-31T07:13:51.237Z"}
{"level":"info","message":{"ip":"::1","method":"GET","url":"/api/project/all?page=1&limit=8&search=&categories=&funding=","username":"Anonymous"},"timestamp":"2025-01-31T07:13:51.283Z"}
{"level":"info","message":{"ip":"::1","method":"GET","url":"/api/project/my/projects","username":"Anonymous"},"timestamp":"2025-01-31T07:14:31.808Z"}
{"level":"info","message":{"ip":"::1","method":"GET","url":"/api/project/my/projects","username":"Anonymous"},"timestamp":"2025-01-31T07:14:31.818Z"}
{"level":"info","message":{"ip":"::1","method":"POST","url":"/api/user/login","username":"Anonymous"},"timestamp":"2025-01-31T07:15:34.250Z"}
{"level":"info","message":{"ip":"::1","method":"GET","url":"/api/project/my/projects","username":"Indira Manandhar"},"timestamp":"2025-01-31T07:15:37.570Z"}
{"level":"info","message":{"ip":"::1","method":"GET","url":"/api/project/my/projects","username":"Indira Manandhar"},"timestamp":"2025-01-31T07:15:37.580Z"}
{"level":"info","message":{"ip":"::1","method":"GET","url":"/api/user/profile","username":"Indira Manandhar"},"timestamp":"2025-01-31T07:27:18.873Z"}
{"level":"info","message":{"ip":"::1","method":"GET","url":"/api/user/profile","username":"Indira Manandhar"},"timestamp":"2025-01-31T07:27:18.902Z"}
{"level":"info","message":{"ip":"::1","method":"POST","url":"/api/user/profile","username":"Indira Manandhar"},"timestamp":"2025-01-31T07:27:31.800Z"}
{"level":"info","message":{"ip":"::1","method":"GET","url":"/api/project/all?page=1&limit=8&search=&categories=&funding=","username":"Anonymous"},"timestamp":"2025-01-31T07:27:38.690Z"}
{"level":"info","message":{"ip":"::1","method":"GET","url":"/api/project/all?page=1&limit=8&search=&categories=&funding=","username":"Anonymous"},"timestamp":"2025-01-31T07:27:38.715Z"}
{"level":"info","message":{"ip":"::1","method":"GET","url":"/api/user/profile","username":"Indira Manandhar"},"timestamp":"2025-01-31T07:27:39.811Z"}
{"level":"info","message":{"ip":"::1","method":"GET","url":"/api/user/profile","username":"Indira Manandhar"},"timestamp":"2025-01-31T07:27:39.820Z"}
{"level":"info","message":{"ip":"::1","method":"POST","url":"/api/user/profile","username":"Indira Manandhar"},"timestamp":"2025-01-31T07:27:55.728Z"}
{"level":"info","message":{"ip":"::1","method":"POST","url":"/api/user/upload-profile-picture","username":"Indira Manandhar"},"timestamp":"2025-01-31T07:27:55.750Z"}
{"level":"info","message":{"ip":"::1","method":"GET","url":"/api/project/all?page=1&limit=8&search=&categories=&funding=","username":"Anonymous"},"timestamp":"2025-01-31T07:27:59.838Z"}
{"level":"info","message":{"ip":"::1","method":"GET","url":"/api/project/all?page=1&limit=8&search=&categories=&funding=","username":"Anonymous"},"timestamp":"2025-01-31T07:27:59.853Z"}
{"level":"info","message":{"ip":"::1","method":"GET","url":"/api/user/profile","username":"Indira Manandhar"},"timestamp":"2025-01-31T07:28:02.738Z"}
{"level":"info","message":{"ip":"::1","method":"GET","url":"/api/user/profile","username":"Indira Manandhar"},"timestamp":"2025-01-31T07:28:02.747Z"}
{"level":"info","message":{"ip":"::1","method":"POST","url":"/api/user/login","username":"Anonymous"},"timestamp":"2025-02-02T15:28:06.363Z"}
{"level":"info","message":{"ip":"::1","method":"POST","url":"/api/user/login","username":"Anonymous"},"timestamp":"2025-02-02T15:28:13.704Z"}
{"level":"info","message":{"ip":"::1","method":"POST","url":"/api/user/register","username":"Anonymous"},"timestamp":"2025-02-02T15:28:48.922Z"}
{"level":"info","message":{"ip":"::1","method":"POST","url":"/api/user/login","username":"Anonymous"},"timestamp":"2025-02-02T15:30:39.509Z"}
{"level":"info","message":{"ip":"::1","method":"GET","url":"/api/project/my/projects","username":"surya"},"timestamp":"2025-02-02T15:30:45.290Z"}
{"level":"info","message":{"ip":"::1","method":"GET","url":"/api/project/my/projects","username":"surya"},"timestamp":"2025-02-02T15:30:45.317Z"}
{"level":"info","message":{"ip":"::1","method":"GET","url":"/api/project/all?page=1&limit=8&search=&categories=&funding=","username":"Anonymous"},"timestamp":"2025-02-02T15:30:51.563Z"}
{"level":"info","message":{"ip":"::1","method":"GET","url":"/api/project/all?page=1&limit=8&search=&categories=&funding=","username":"Anonymous"},"timestamp":"2025-02-02T15:30:51.667Z"}
{"level":"info","message":{"ip":"::1","method":"GET","url":"/api/project/my/projects","username":"surya"},"timestamp":"2025-02-02T15:30:56.320Z"}
{"level":"info","message":{"ip":"::1","method":"GET","url":"/api/project/my/projects","username":"surya"},"timestamp":"2025-02-02T15:30:56.330Z"}
{"level":"info","message":{"ip":"::1","method":"GET","url":"/api/project/all?page=1&limit=8&search=&categories=&funding=","username":"Anonymous"},"timestamp":"2025-02-02T15:30:59.558Z"}
{"level":"info","message":{"ip":"::1","method":"GET","url":"/api/project/all?page=1&limit=8&search=&categories=&funding=","username":"Anonymous"},"timestamp":"2025-02-02T15:30:59.573Z"}
{"level":"info","message":{"ip":"::1","method":"GET","url":"/api/project/my/projects","username":"surya"},"timestamp":"2025-02-02T15:31:00.246Z"}
{"level":"info","message":{"ip":"::1","method":"GET","url":"/api/project/my/projects","username":"surya"},"timestamp":"2025-02-02T15:31:00.255Z"}
{"level":"info","message":{"ip":"::1","method":"POST","url":"/api/project/create","username":"surya"},"timestamp":"2025-02-02T15:32:02.384Z"}
{"level":"info","message":{"ip":"::1","method":"GET","url":"/api/project/all?page=1&limit=8&search=&categories=&funding=","username":"Anonymous"},"timestamp":"2025-02-02T15:32:03.996Z"}
{"level":"info","message":{"ip":"::1","method":"GET","url":"/api/project/all?page=1&limit=8&search=&categories=&funding=","username":"Anonymous"},"timestamp":"2025-02-02T15:32:04.013Z"}
{"level":"info","message":{"ip":"::1","method":"GET","url":"/api/project/my/projects","username":"surya"},"timestamp":"2025-02-02T15:32:05.594Z"}
{"level":"info","message":{"ip":"::1","method":"GET","url":"/api/project/my/projects","username":"surya"},"timestamp":"2025-02-02T15:32:05.602Z"}
{"level":"info","message":{"ip":"::1","method":"GET","url":"/api/project/all?page=1&limit=8&search=&categories=&funding=","username":"Anonymous"},"timestamp":"2025-02-02T15:32:09.079Z"}
{"level":"info","message":{"ip":"::1","method":"GET","url":"/api/project/all?page=1&limit=8&search=&categories=&funding=","username":"Anonymous"},"timestamp":"2025-02-02T15:32:09.100Z"}
{"level":"info","message":{"ip":"::1","method":"GET","url":"/api/project/679066cce22ad91486f520f8","username":"Anonymous"},"timestamp":"2025-02-02T15:32:36.801Z"}
{"level":"info","message":{"ip":"::1","method":"GET","url":"/api/project/reviews/","username":"Anonymous"},"timestamp":"2025-02-02T15:32:36.806Z"}
{"level":"info","message":{"ip":"::1","method":"GET","url":"/","username":"Anonymous"},"timestamp":"2025-02-02T15:32:36.811Z"}
{"level":"info","message":{"ip":"::1","method":"GET","url":"/api/project/reviews/","username":"Anonymous"},"timestamp":"2025-02-02T15:32:36.822Z"}
{"level":"info","message":{"ip":"::1","method":"GET","url":"/api/project/679066cce22ad91486f520f8","username":"Anonymous"},"timestamp":"2025-02-02T15:32:36.860Z"}
{"level":"info","message":{"ip":"::1","method":"GET","url":"/api/project/reviews/679066cce22ad91486f520f8","username":"Anonymous"},"timestamp":"2025-02-02T15:32:36.869Z"}
{"level":"info","message":{"ip":"::1","method":"GET","url":"/api/project/679066cce22ad91486f520f8","username":"Anonymous"},"timestamp":"2025-02-02T15:32:40.692Z"}
{"level":"info","message":{"ip":"::1","method":"GET","url":"/api/project/679066cce22ad91486f520f8","username":"Anonymous"},"timestamp":"2025-02-02T15:32:40.704Z"}
{"level":"info","message":{"ip":"::1","method":"POST","url":"/api/project/esewa/679066cce22ad91486f520f8/invest","username":"surya"},"timestamp":"2025-02-02T15:33:02.480Z"}
{"level":"info","message":{"ip":"::1","method":"GET","url":"/api/esewa/verify-payment?data=eyJ0cmFuc2FjdGlvbl9jb2RlIjoiMDAwOU1FUSIsInN0YXR1cyI6IkNPTVBMRVRFIiwidG90YWxfYW1vdW50IjoiMTUwLjAiLCJ0cmFuc2FjdGlvbl91dWlkIjoiNjc5MDY2Y2NlMjJhZDkxNDg2ZjUyMGY4LTc1NTAwZTc0LTRlNTgtNDExYi05ODgzLTQ1YzY4MGUzNWMyNC02NzlmOGYzMWRkOGZkNzA1Y2I0MWZjYTciLCJwcm9kdWN0X2NvZGUiOiJFUEFZVEVTVCIsInNpZ25lZF9maWVsZF9uYW1lcyI6InRyYW5zYWN0aW9uX2NvZGUsc3RhdHVzLHRvdGFsX2Ftb3VudCx0cmFuc2FjdGlvbl91dWlkLHByb2R1Y3RfY29kZSxzaWduZWRfZmllbGRfbmFtZXMiLCJzaWduYXR1cmUiOiJLcjczOUlWSDY1T0p1b0Nnb3hReVQ5T1pJWHVnZnlSdE45UlU4SXlVT1hnPSJ9","username":"Anonymous"},"timestamp":"2025-02-02T15:33:37.250Z"}
{"level":"info","message":{"ip":"::1","method":"GET","url":"/api/project/reviews/","username":"Anonymous"},"timestamp":"2025-02-02T15:33:58.808Z"}
{"level":"info","message":{"ip":"::1","method":"GET","url":"/api/project/679066cce22ad91486f520f8","username":"Anonymous"},"timestamp":"2025-02-02T15:33:58.811Z"}
{"level":"info","message":{"ip":"::1","method":"GET","url":"/","username":"Anonymous"},"timestamp":"2025-02-02T15:33:58.816Z"}
{"level":"info","message":{"ip":"::1","method":"GET","url":"/api/project/reviews/","username":"Anonymous"},"timestamp":"2025-02-02T15:33:58.820Z"}
{"level":"info","message":{"ip":"::1","method":"GET","url":"/api/project/679066cce22ad91486f520f8","username":"Anonymous"},"timestamp":"2025-02-02T15:33:58.835Z"}
{"level":"info","message":{"ip":"::1","method":"GET","url":"/api/project/reviews/679066cce22ad91486f520f8","username":"Anonymous"},"timestamp":"2025-02-02T15:33:58.856Z"}
{"level":"info","message":{"ip":"::1","method":"GET","url":"/api/project/all?page=1&limit=8&search=&categories=&funding=","username":"Anonymous"},"timestamp":"2025-02-02T15:34:00.674Z"}
{"level":"info","message":{"ip":"::1","method":"GET","url":"/api/project/all?page=1&limit=8&search=&categories=&funding=","username":"Anonymous"},"timestamp":"2025-02-02T15:34:00.692Z"}
{"level":"info","message":{"ip":"::1","method":"GET","url":"/api/project/all?page=1&limit=8&search=&categories=&funding=","username":"Anonymous"},"timestamp":"2025-02-02T16:51:51.298Z"}
{"level":"info","message":{"ip":"::1","method":"GET","url":"/api/project/all?page=1&limit=8&search=&categories=&funding=","username":"Anonymous"},"timestamp":"2025-02-02T16:51:51.312Z"}
{"level":"info","message":{"ip":"::1","method":"GET","url":"/api/user/profile","username":"surya"},"timestamp":"2025-02-03T06:09:48.602Z"}
{"level":"info","message":{"ip":"::1","method":"GET","url":"/api/user/profile","username":"surya"},"timestamp":"2025-02-03T06:09:48.629Z"}
{"level":"info","message":{"ip":"::1","method":"POST","url":"/api/user/profile","username":"surya"},"timestamp":"2025-02-03T06:10:12.984Z"}
{"level":"info","message":{"ip":"::1","method":"POST","url":"/api/user/profile","username":"surya"},"timestamp":"2025-02-03T06:10:27.298Z"}
{"level":"info","message":{"ip":"::1","method":"POST","url":"/api/user/profile","username":"surya"},"timestamp":"2025-02-03T06:10:33.847Z"}
{"level":"info","message":{"ip":"::1","method":"GET","url":"/api/project/my/investments","username":"surya"},"timestamp":"2025-02-03T06:12:24.441Z"}
{"level":"info","message":{"ip":"::1","method":"GET","url":"/api/project/my/investments","username":"surya"},"timestamp":"2025-02-03T06:12:24.460Z"}
{"level":"info","message":{"ip":"::1","method":"GET","url":"/api/project/my/projects","username":"surya"},"timestamp":"2025-02-03T06:12:25.833Z"}
{"level":"info","message":{"ip":"::1","method":"GET","url":"/api/project/my/projects","username":"surya"},"timestamp":"2025-02-03T06:12:25.844Z"}
{"level":"info","message":{"ip":"::1","method":"GET","url":"/api/project/all?page=1&limit=8&search=&categories=&funding=","username":"Anonymous"},"timestamp":"2025-02-03T06:12:28.641Z"}
{"level":"info","message":{"ip":"::1","method":"GET","url":"/api/project/all?page=1&limit=8&search=&categories=&funding=","username":"Anonymous"},"timestamp":"2025-02-03T06:12:28.662Z"}
{"level":"info","message":{"ip":"::1","method":"GET","url":"/api/project/all?page=1&limit=8&search=&categories=&funding=1%2C000+-+5%2C000","username":"Anonymous"},"timestamp":"2025-02-03T06:12:34.302Z"}
{"level":"info","message":{"ip":"::1","method":"GET","url":"/api/project/all?page=1&limit=8&search=&categories=&funding=","username":"Anonymous"},"timestamp":"2025-02-03T06:12:34.773Z"}
{"level":"info","message":{"ip":"::1","method":"GET","url":"/api/project/all?page=1&limit=8&search=&categories=&funding=","username":"Anonymous"},"timestamp":"2025-02-03T06:12:36.239Z"}
{"level":"info","message":{"ip":"::1","method":"GET","url":"/api/project/all?page=1&limit=8&search=&categories=&funding=","username":"Anonymous"},"timestamp":"2025-02-03T06:12:36.254Z"}
{"level":"info","message":{"ip":"::1","method":"GET","url":"/api/project/all?page=1&limit=8&search=%3Cscr&categories=&funding=","username":"Anonymous"},"timestamp":"2025-02-03T06:12:54.746Z"}
{"level":"info","message":{"ip":"::1","method":"GET","url":"/api/project/all?page=1&limit=8&search=%3Cscript&categories=&funding=","username":"Anonymous"},"timestamp":"2025-02-03T06:12:55.584Z"}
{"level":"info","message":{"ip":"::1","method":"GET","url":"/api/project/all?page=1&limit=8&search=%3Cscript%3E&categories=&funding=","username":"Anonymous"},"timestamp":"2025-02-03T06:12:56.170Z"}
{"level":"info","message":{"ip":"::1","method":"GET","url":"/api/project/all?page=1&limit=8&search=%3Cscript%3Ealert&categories=&funding=","username":"Anonymous"},"timestamp":"2025-02-03T06:12:57.146Z"}
{"level":"info","message":{"ip":"::1","method":"GET","url":"/api/project/all?page=1&limit=8&search=%3Cscript%3Ealert%281&categories=&funding=","username":"Anonymous"},"timestamp":"2025-02-03T06:12:57.763Z"}
{"level":"info","message":{"ip":"::1","method":"GET","url":"/api/project/all?page=1&limit=8&search=%3Cscript%3Ealert%281%29&categories=&funding=","username":"Anonymous"},"timestamp":"2025-02-03T06:12:58.414Z"}
{"level":"info","message":{"ip":"::1","method":"GET","url":"/api/project/all?page=1&limit=8&search=%3Cscript%3Ealert%281%29%3C&categories=&funding=","username":"Anonymous"},"timestamp":"2025-02-03T06:12:59.820Z"}
{"level":"info","message":{"ip":"::1","method":"GET","url":"/api/project/all?page=1&limit=8&search=%3Cscript%3Ealert%281%29%3Cscr&categories=&funding=","username":"Anonymous"},"timestamp":"2025-02-03T06:13:00.706Z"}
{"level":"info","message":{"ip":"::1","method":"GET","url":"/api/project/all?page=1&limit=8&search=%3Cscript%3Ealert%281%29%3Cscript&categories=&funding=","username":"Anonymous"},"timestamp":"2025-02-03T06:13:01.354Z"}
{"level":"info","message":{"ip":"::1","method":"GET","url":"/api/project/all?page=1&limit=8&search=%3Cscript%3Ealert%281%29%3Cs&categories=&funding=","username":"Anonymous"},"timestamp":"2025-02-03T06:13:02.828Z"}
{"level":"info","message":{"ip":"::1","method":"GET","url":"/api/project/all?page=1&limit=8&search=%3Cscript%3Ealert%281%29%3C&categories=&funding=","username":"Anonymous"},"timestamp":"2025-02-03T06:13:03.190Z"}
{"level":"info","message":{"ip":"::1","method":"GET","url":"/api/project/all?page=1&limit=8&search=%3Cscript%3Ealert%281%29%3C%2F&categories=&funding=","username":"Anonymous"},"timestamp":"2025-02-03T06:13:03.667Z"}
{"level":"info","message":{"ip":"::1","method":"GET","url":"/api/project/all?page=1&limit=8&search=%3Cscript%3Ealert%281%29%3C%2Fscript&categories=&funding=","username":"Anonymous"},"timestamp":"2025-02-03T06:13:05.583Z"}
{"level":"info","message":{"ip":"::1","method":"GET","url":"/api/project/all?page=1&limit=8&search=%3Cscript%3Ealert%281%29%3C%2Fscript%29&categories=&funding=","username":"Anonymous"},"timestamp":"2025-02-03T06:13:06.930Z"}
{"level":"info","message":{"ip":"::1","method":"GET","url":"/api/project/all?page=1&limit=8&search=%3Cscript%3Ealert%281%29%3C%2Fscript&categories=&funding=","username":"Anonymous"},"timestamp":"2025-02-03T06:13:10.959Z"}
{"level":"info","message":{"ip":"::1","method":"GET","url":"/api/project/all?page=1&limit=8&search=%3Cscript%3Ealert%281%29%3C%2Fscript%3E&categories=&funding=","username":"Anonymous"},"timestamp":"2025-02-03T06:13:11.314Z"}
{"level":"info","message":{"ip":"::1","method":"GET","url":"/api/project/all?page=1&limit=8&search=%3Cscript%3Ealert%281%29%3C%2Fscript&categories=&funding=","username":"Anonymous"},"timestamp":"2025-02-03T06:13:11.853Z"}
{"level":"info","message":{"ip":"::1","method":"GET","url":"/api/project/all?page=1&limit=8&search=%3C&categories=&funding=","username":"Anonymous"},"timestamp":"2025-02-03T06:13:13.086Z"}
{"level":"info","message":{"ip":"::1","method":"GET","url":"/api/project/all?page=1&limit=8&search=&categories=&funding=","username":"Anonymous"},"timestamp":"2025-02-03T06:13:13.613Z"}
{"level":"info","message":{"ip":"::1","method":"GET","url":"/api/project/all?page=1&limit=8&search=s&categories=&funding=","username":"Anonymous"},"timestamp":"2025-02-03T06:13:17.216Z"}
{"level":"info","message":{"ip":"::1","method":"GET","url":"/api/project/all?page=1&limit=8&search=&categories=&funding=","username":"Anonymous"},"timestamp":"2025-02-03T06:13:17.682Z"}
{"level":"info","message":{"ip":"::1","method":"GET","url":"/api/project/all?page=1&limit=8&search=%3Cscript&categories=&funding=","username":"Anonymous"},"timestamp":"2025-02-03T06:13:19.230Z"}
{"level":"info","message":{"ip":"::1","method":"GET","url":"/api/project/all?page=1&limit=8&search=%3Cscript%3F&categories=&funding=","username":"Anonymous"},"timestamp":"2025-02-03T06:13:19.928Z"}
{"level":"info","message":{"ip":"::1","method":"GET","url":"/api/project/all?page=1&limit=8&search=%3Cscript&categories=&funding=","username":"Anonymous"},"timestamp":"2025-02-03T06:13:20.671Z"}
{"level":"info","message":{"ip":"::1","method":"GET","url":"/api/project/all?page=1&limit=8&search=%3Cscript%3E&categories=&funding=","username":"Anonymous"},"timestamp":"2025-02-03T06:13:21.304Z"}
{"level":"info","message":{"ip":"::1","method":"GET","url":"/api/project/all?page=1&limit=8&search=%3Cscript%3Es&categories=&funding=","username":"Anonymous"},"timestamp":"2025-02-03T06:13:22.002Z"}
{"level":"info","message":{"ip":"::1","method":"GET","url":"/api/project/all?page=1&limit=8&search=%3Cscript%3Ealert&categories=&funding=","username":"Anonymous"},"timestamp":"2025-02-03T06:13:22.947Z"}
{"level":"info","message":{"ip":"::1","method":"GET","url":"/api/project/all?page=1&limit=8&search=%3Cscript%3Ealert*&categories=&funding=","username":"Anonymous"},"timestamp":"2025-02-03T06:13:23.717Z"}
{"level":"info","message":{"ip":"::1","method":"GET","url":"/api/project/all?page=1&limit=8&search=%3Cscript%3Ealert&categories=&funding=","username":"Anonymous"},"timestamp":"2025-02-03T06:13:24.081Z"}
{"level":"info","message":{"ip":"::1","method":"GET","url":"/api/project/all?page=1&limit=8&search=%3Cscript%3Ealert%28&categories=&funding=","username":"Anonymous"},"timestamp":"2025-02-03T06:13:24.577Z"}
{"level":"info","message":{"ip":"::1","method":"GET","url":"/api/project/all?page=1&limit=8&search=%3Cscript%3Ealert%281&categories=&funding=","username":"Anonymous"},"timestamp":"2025-02-03T06:13:24.904Z"}
{"level":"info","message":{"ip":"::1","method":"GET","url":"/api/project/all?page=1&limit=8&search=%3Cscript%3Ealert%281%29&categories=&funding=","username":"Anonymous"},"timestamp":"2025-02-03T06:13:25.526Z"}
{"level":"info","message":{"ip":"::1","method":"GET","url":"/api/project/all?page=1&limit=8&search=%3Cscript%3Ealert%281%29%3C&categories=&funding=","username":"Anonymous"},"timestamp":"2025-02-03T06:13:26.267Z"}
{"level":"info","message":{"ip":"::1","method":"GET","url":"/api/project/all?page=1&limit=8&search=%3Cscript%3Ealert%281%29%3C%2Fscr&categories=&funding=","username":"Anonymous"},"timestamp":"2025-02-03T06:13:27.411Z"}
{"level":"info","message":{"ip":"::1","method":"GET","url":"/api/project/all?page=1&limit=8&search=%3Cscript%3Ealert%281%29%3C%2Fscript&categories=&funding=","username":"Anonymous"},"timestamp":"2025-02-03T06:13:28.189Z"}
{"level":"info","message":{"ip":"::1","method":"GET","url":"/api/project/all?page=1&limit=8&search=%3Cscript%3Ealert%281%29%3C%2Fscript%3E&categories=&funding=","username":"Anonymous"},"timestamp":"2025-02-03T06:13:29.348Z"}
{"level":"info","message":{"ip":"::1","method":"GET","url":"/api/project/all?page=1&limit=8&search=&categories=&funding=","username":"Anonymous"},"timestamp":"2025-02-03T06:13:33.296Z"}
{"level":"info","message":{"ip":"::1","method":"GET","url":"/api/project/all?page=1&limit=8&search=&categories=&funding=","username":"Anonymous"},"timestamp":"2025-02-03T06:14:59.432Z"}
{"level":"info","message":{"ip":"::1","method":"GET","url":"/api/project/all?page=1&limit=8&search=&categories=&funding=","username":"Anonymous"},"timestamp":"2025-02-03T06:14:59.450Z"}
{"level":"info","message":{"ip":"::1","method":"GET","url":"/api/project/all?page=1&limit=8&search=&categories=&funding=","username":"Anonymous"},"timestamp":"2025-02-03T06:15:04.495Z"}
{"level":"info","message":{"ip":"::1","method":"GET","url":"/api/project/all?page=1&limit=8&search=&categories=&funding=","username":"Anonymous"},"timestamp":"2025-02-03T06:15:04.508Z"}
{"level":"info","message":{"ip":"::1","method":"GET","url":"/api/project/my/projects","username":"surya"},"timestamp":"2025-02-03T06:15:05.217Z"}
{"level":"info","message":{"ip":"::1","method":"GET","url":"/api/project/my/projects","username":"surya"},"timestamp":"2025-02-03T06:15:05.226Z"}
{"level":"info","message":{"ip":"::1","method":"GET","url":"/api/project/my/investments","username":"surya"},"timestamp":"2025-02-03T06:15:05.996Z"}
{"level":"info","message":{"ip":"::1","method":"GET","url":"/api/project/my/investments","username":"surya"},"timestamp":"2025-02-03T06:15:06.007Z"}
{"level":"info","message":{"ip":"::1","method":"GET","url":"/api/project/all?page=1&limit=8&search=&categories=&funding=","username":"Anonymous"},"timestamp":"2025-02-03T06:15:06.456Z"}
{"level":"info","message":{"ip":"::1","method":"GET","url":"/api/project/all?page=1&limit=8&search=&categories=&funding=","username":"Anonymous"},"timestamp":"2025-02-03T06:15:06.469Z"}
{"level":"info","message":{"ip":"::1","method":"GET","url":"/api/admin/project-metrics","username":"Anonymous"},"timestamp":"2025-02-03T07:00:21.604Z"}
{"level":"info","message":{"ip":"::1","method":"GET","url":"/api/admin/project-metrics","username":"Anonymous"},"timestamp":"2025-02-03T07:00:21.614Z"}
{"level":"info","message":{"ip":"::1","method":"GET","url":"/api/admin/project-metrics","username":"Anonymous"},"timestamp":"2025-02-03T07:00:41.028Z"}
{"level":"info","message":{"ip":"::1","method":"GET","url":"/api/admin/project-metrics","username":"Anonymous"},"timestamp":"2025-02-03T07:00:41.034Z"}
